{"C:\\Users\\alexa\\Desktop\\JS\\realtime-video-platform\\backend\\src\\app.module.ts": {"path":"C:\\Users\\alexa\\Desktop\\JS\\realtime-video-platform\\backend\\src\\app.module.ts","statementMap":{"0":{"start":{"line":1,"column":0},"end":{"line":1,"column":40}},"1":{"start":{"line":2,"column":0},"end":{"line":2,"column":54}},"2":{"start":{"line":3,"column":0},"end":{"line":3,"column":56}},"3":{"start":{"line":4,"column":0},"end":{"line":4,"column":43}},"4":{"start":{"line":10,"column":7},"end":{"line":10,"column":null}},"5":{"start":{"line":10,"column":13},"end":{"line":10,"column":22}},"6":{"start":{"line":10,"column":13},"end":{"line":10,"column":null}}},"fnMap":{},"branchMap":{},"s":{"0":1,"1":1,"2":1,"3":1,"4":1,"5":1,"6":1},"f":{},"b":{}}
,"C:\\Users\\alexa\\Desktop\\JS\\realtime-video-platform\\backend\\src\\app.service.ts": {"path":"C:\\Users\\alexa\\Desktop\\JS\\realtime-video-platform\\backend\\src\\app.service.ts","statementMap":{"0":{"start":{"line":1,"column":0},"end":{"line":1,"column":44}},"1":{"start":{"line":4,"column":7},"end":{"line":8,"column":null}},"2":{"start":{"line":6,"column":8},"end":{"line":6,"column":32}},"3":{"start":{"line":4,"column":13},"end":{"line":4,"column":23}},"4":{"start":{"line":4,"column":13},"end":{"line":8,"column":null}}},"fnMap":{"0":{"name":"(anonymous_1)","decl":{"start":{"line":5,"column":4},"end":{"line":5,"column":13}},"loc":{"start":{"line":5,"column":13},"end":{"line":7,"column":5}}}},"branchMap":{},"s":{"0":1,"1":1,"2":0,"3":1,"4":1},"f":{"0":0},"b":{}}
,"C:\\Users\\alexa\\Desktop\\JS\\realtime-video-platform\\backend\\src\\prisma\\prisma.service.ts": {"path":"C:\\Users\\alexa\\Desktop\\JS\\realtime-video-platform\\backend\\src\\prisma\\prisma.service.ts","statementMap":{"0":{"start":{"line":1,"column":0},"end":{"line":1,"column":75}},"1":{"start":{"line":2,"column":0},"end":{"line":2,"column":46}},"2":{"start":{"line":5,"column":7},"end":{"line":15,"column":null}},"3":{"start":{"line":6,"column":30},"end":{"line":6,"column":48}},"4":{"start":{"line":9,"column":8},"end":{"line":9,"column":37}},"5":{"start":{"line":13,"column":8},"end":{"line":13,"column":40}},"6":{"start":{"line":5,"column":13},"end":{"line":5,"column":26}},"7":{"start":{"line":5,"column":13},"end":{"line":15,"column":null}}},"fnMap":{"0":{"name":"(anonymous_1)","decl":{"start":{"line":8,"column":4},"end":{"line":8,"column":9}},"loc":{"start":{"line":8,"column":22},"end":{"line":10,"column":5}}},"1":{"name":"(anonymous_2)","decl":{"start":{"line":12,"column":4},"end":{"line":12,"column":9}},"loc":{"start":{"line":12,"column":25},"end":{"line":14,"column":5}}}},"branchMap":{},"s":{"0":2,"1":2,"2":2,"3":0,"4":0,"5":0,"6":2,"7":2},"f":{"0":0,"1":0},"b":{}}
,"C:\\Users\\alexa\\Desktop\\JS\\realtime-video-platform\\backend\\src\\storage\\storage.service.ts": {"path":"C:\\Users\\alexa\\Desktop\\JS\\realtime-video-platform\\backend\\src\\storage\\storage.service.ts","statementMap":{"0":{"start":{"line":1,"column":0},"end":{"line":1,"column":44}},"1":{"start":{"line":2,"column":0},"end":{"line":2,"column":24}},"2":{"start":{"line":3,"column":0},"end":{"line":3,"column":20}},"3":{"start":{"line":4,"column":0},"end":{"line":4,"column":33}},"4":{"start":{"line":5,"column":0},"end":{"line":5,"column":42}},"5":{"start":{"line":7,"column":17},"end":{"line":7,"column":43}},"6":{"start":{"line":10,"column":7},"end":{"line":39,"column":null}},"7":{"start":{"line":14,"column":8},"end":{"line":14,"column":127}},"8":{"start":{"line":15,"column":8},"end":{"line":15,"column":84}},"9":{"start":{"line":15,"column":39},"end":{"line":15,"column":84}},"10":{"start":{"line":19,"column":20},"end":{"line":19,"column":59}},"11":{"start":{"line":20,"column":8},"end":{"line":20,"column":72}},"12":{"start":{"line":20,"column":33},"end":{"line":20,"column":72}},"13":{"start":{"line":21,"column":8},"end":{"line":21,"column":19}},"14":{"start":{"line":25,"column":20},"end":{"line":25,"column":45}},"15":{"start":{"line":26,"column":24},"end":{"line":26,"column":48}},"16":{"start":{"line":27,"column":28},"end":{"line":27,"column":57}},"17":{"start":{"line":28,"column":8},"end":{"line":28,"column":48}},"18":{"start":{"line":29,"column":8},"end":{"line":29,"column":23}},"19":{"start":{"line":33,"column":20},"end":{"line":33,"column":45}},"20":{"start":{"line":34,"column":24},"end":{"line":34,"column":48}},"21":{"start":{"line":35,"column":28},"end":{"line":35,"column":57}},"22":{"start":{"line":36,"column":8},"end":{"line":36,"column":48}},"23":{"start":{"line":37,"column":8},"end":{"line":37,"column":23}},"24":{"start":{"line":10,"column":13},"end":{"line":10,"column":27}},"25":{"start":{"line":10,"column":13},"end":{"line":39,"column":null}}},"fnMap":{"0":{"name":"(anonymous_3)","decl":{"start":{"line":13,"column":4},"end":{"line":13,"column":null}},"loc":{"start":{"line":13,"column":4},"end":{"line":16,"column":5}}},"1":{"name":"(anonymous_4)","decl":{"start":{"line":18,"column":4},"end":{"line":18,"column":15}},"loc":{"start":{"line":18,"column":31},"end":{"line":22,"column":5}}},"2":{"name":"(anonymous_5)","decl":{"start":{"line":24,"column":4},"end":{"line":24,"column":9}},"loc":{"start":{"line":24,"column":76},"end":{"line":30,"column":5}}},"3":{"name":"(anonymous_6)","decl":{"start":{"line":32,"column":4},"end":{"line":32,"column":9}},"loc":{"start":{"line":32,"column":72},"end":{"line":38,"column":5}}}},"branchMap":{"0":{"loc":{"start":{"line":14,"column":20},"end":{"line":14,"column":126}},"type":"cond-expr","locations":[{"start":{"line":14,"column":47},"end":{"line":14,"column":85}},{"start":{"line":14,"column":88},"end":{"line":14,"column":126}}]},"1":{"loc":{"start":{"line":15,"column":8},"end":{"line":15,"column":84}},"type":"if","locations":[{"start":{"line":15,"column":8},"end":{"line":15,"column":84}},{"start":{},"end":{}}]},"2":{"loc":{"start":{"line":20,"column":8},"end":{"line":20,"column":72}},"type":"if","locations":[{"start":{"line":20,"column":8},"end":{"line":20,"column":72}},{"start":{},"end":{}}]}},"s":{"0":2,"1":2,"2":2,"3":2,"4":2,"5":2,"6":2,"7":2,"8":2,"9":0,"10":0,"11":0,"12":0,"13":0,"14":0,"15":0,"16":0,"17":0,"18":0,"19":0,"20":0,"21":0,"22":0,"23":0,"24":2,"25":2},"f":{"0":2,"1":0,"2":0,"3":0},"b":{"0":[2,0],"1":[0,2],"2":[0,0]}}
,"C:\\Users\\alexa\\Desktop\\JS\\realtime-video-platform\\backend\\src\\tests\\prisma.service.mock.ts": {"path":"C:\\Users\\alexa\\Desktop\\JS\\realtime-video-platform\\backend\\src\\tests\\prisma.service.mock.ts","statementMap":{"0":{"start":{"line":1,"column":13},"end":{"line":10,"column":2}}},"fnMap":{},"branchMap":{},"s":{"0":1},"f":{},"b":{}}
,"C:\\Users\\alexa\\Desktop\\JS\\realtime-video-platform\\backend\\src\\transcode\\transcode.service.ts": {"path":"C:\\Users\\alexa\\Desktop\\JS\\realtime-video-platform\\backend\\src\\transcode\\transcode.service.ts","statementMap":{"0":{"start":{"line":1,"column":0},"end":{"line":1,"column":44}},"1":{"start":{"line":2,"column":0},"end":{"line":2,"column":38}},"2":{"start":{"line":3,"column":0},"end":{"line":3,"column":24}},"3":{"start":{"line":4,"column":0},"end":{"line":4,"column":20}},"4":{"start":{"line":5,"column":0},"end":{"line":5,"column":57}},"5":{"start":{"line":6,"column":0},"end":{"line":6,"column":60}},"6":{"start":{"line":9,"column":7},"end":{"line":90,"column":null}},"7":{"start":{"line":10,"column":33},"end":{"line":10,"column":41}},"8":{"start":{"line":10,"column":73},"end":{"line":10,"column":82}},"9":{"start":{"line":13,"column":8},"end":{"line":13,"column":51}},"10":{"start":{"line":17,"column":22},"end":{"line":17,"column":84}},"11":{"start":{"line":18,"column":8},"end":{"line":21,"column":9}},"12":{"start":{"line":19,"column":12},"end":{"line":19,"column":104}},"13":{"start":{"line":20,"column":12},"end":{"line":20,"column":19}},"14":{"start":{"line":23,"column":20},"end":{"line":23,"column":33}},"15":{"start":{"line":24,"column":23},"end":{"line":24,"column":56}},"16":{"start":{"line":25,"column":23},"end":{"line":25,"column":47}},"17":{"start":{"line":26,"column":8},"end":{"line":26,"column":78}},"18":{"start":{"line":26,"column":36},"end":{"line":26,"column":78}},"19":{"start":{"line":28,"column":31},"end":{"line":28,"column":63}},"20":{"start":{"line":30,"column":23},"end":{"line":64,"column":10}},"21":{"start":{"line":66,"column":8},"end":{"line":88,"column":11}},"22":{"start":{"line":67,"column":12},"end":{"line":79,"column":15}},"23":{"start":{"line":68,"column":16},"end":{"line":78,"column":35}},"24":{"start":{"line":69,"column":20},"end":{"line":77,"column":21}},"25":{"start":{"line":70,"column":24},"end":{"line":70,"column":126}},"26":{"start":{"line":71,"column":24},"end":{"line":71,"column":130}},"27":{"start":{"line":72,"column":24},"end":{"line":72,"column":34}},"28":{"start":{"line":74,"column":24},"end":{"line":74,"column":111}},"29":{"start":{"line":75,"column":24},"end":{"line":75,"column":116}},"30":{"start":{"line":76,"column":24},"end":{"line":76,"column":77}},"31":{"start":{"line":81,"column":12},"end":{"line":87,"column":15}},"32":{"start":{"line":82,"column":16},"end":{"line":86,"column":35}},"33":{"start":{"line":83,"column":20},"end":{"line":83,"column":106}},"34":{"start":{"line":84,"column":20},"end":{"line":84,"column":112}},"35":{"start":{"line":85,"column":20},"end":{"line":85,"column":32}},"36":{"start":{"line":9,"column":13},"end":{"line":9,"column":29}},"37":{"start":{"line":9,"column":13},"end":{"line":90,"column":null}}},"fnMap":{"0":{"name":"(anonymous_3)","decl":{"start":{"line":10,"column":4},"end":{"line":10,"column":33}},"loc":{"start":{"line":10,"column":96},"end":{"line":10,"column":100}}},"1":{"name":"(anonymous_4)","decl":{"start":{"line":12,"column":12},"end":{"line":12,"column":22}},"loc":{"start":{"line":12,"column":22},"end":{"line":14,"column":5}}},"2":{"name":"(anonymous_5)","decl":{"start":{"line":16,"column":4},"end":{"line":16,"column":9}},"loc":{"start":{"line":16,"column":40},"end":{"line":89,"column":5}}},"3":{"name":"(anonymous_6)","decl":{"start":{"line":66,"column":32},"end":{"line":66,"column":33}},"loc":{"start":{"line":66,"column":52},"end":{"line":88,"column":9}}},"4":{"name":"(anonymous_7)","decl":{"start":{"line":67,"column":31},"end":{"line":67,"column":32}},"loc":{"start":{"line":67,"column":40},"end":{"line":79,"column":13}}},"5":{"name":"(anonymous_8)","decl":{"start":{"line":68,"column":17},"end":{"line":68,"column":22}},"loc":{"start":{"line":68,"column":43},"end":{"line":78,"column":17}}},"6":{"name":"(anonymous_9)","decl":{"start":{"line":81,"column":31},"end":{"line":81,"column":32}},"loc":{"start":{"line":81,"column":39},"end":{"line":87,"column":13}}},"7":{"name":"(anonymous_10)","decl":{"start":{"line":82,"column":17},"end":{"line":82,"column":22}},"loc":{"start":{"line":82,"column":43},"end":{"line":86,"column":17}}}},"branchMap":{"0":{"loc":{"start":{"line":13,"column":15},"end":{"line":13,"column":50}},"type":"binary-expr","locations":[{"start":{"line":13,"column":15},"end":{"line":13,"column":38}},{"start":{"line":13,"column":42},"end":{"line":13,"column":50}}]},"1":{"loc":{"start":{"line":18,"column":8},"end":{"line":21,"column":9}},"type":"if","locations":[{"start":{"line":18,"column":8},"end":{"line":21,"column":9}},{"start":{},"end":{}}]},"2":{"loc":{"start":{"line":26,"column":8},"end":{"line":26,"column":78}},"type":"if","locations":[{"start":{"line":26,"column":8},"end":{"line":26,"column":78}},{"start":{},"end":{}}]},"3":{"loc":{"start":{"line":69,"column":20},"end":{"line":77,"column":21}},"type":"if","locations":[{"start":{"line":69,"column":20},"end":{"line":77,"column":21}},{"start":{"line":73,"column":27},"end":{"line":77,"column":21}}]}},"s":{"0":2,"1":2,"2":2,"3":2,"4":2,"5":2,"6":2,"7":2,"8":2,"9":0,"10":2,"11":2,"12":2,"13":2,"14":0,"15":0,"16":0,"17":0,"18":0,"19":0,"20":0,"21":0,"22":0,"23":0,"24":0,"25":0,"26":0,"27":0,"28":0,"29":0,"30":0,"31":0,"32":0,"33":0,"34":0,"35":0,"36":2,"37":2},"f":{"0":2,"1":0,"2":2,"3":0,"4":0,"5":0,"6":0,"7":0},"b":{"0":[0,0],"1":[2,0],"2":[0,0],"3":[0,0]}}
,"C:\\Users\\alexa\\Desktop\\JS\\realtime-video-platform\\backend\\src\\videos\\streams.controller.ts": {"path":"C:\\Users\\alexa\\Desktop\\JS\\realtime-video-platform\\backend\\src\\videos\\streams.controller.ts","statementMap":{"0":{"start":{"line":1,"column":0},"end":{"line":1,"column":null}},"1":{"start":{"line":8,"column":0},"end":{"line":8,"column":24}},"2":{"start":{"line":9,"column":0},"end":{"line":9,"column":20}},"3":{"start":{"line":11,"column":0},"end":{"line":11,"column":57}},"4":{"start":{"line":14,"column":7},"end":{"line":40,"column":null}},"5":{"start":{"line":15,"column":33},"end":{"line":15,"column":41}},"6":{"start":{"line":19,"column":22},"end":{"line":19,"column":84}},"7":{"start":{"line":20,"column":8},"end":{"line":20,"column":106}},"8":{"start":{"line":20,"column":38},"end":{"line":20,"column":106}},"9":{"start":{"line":22,"column":27},"end":{"line":22,"column":54}},"10":{"start":{"line":23,"column":8},"end":{"line":23,"column":95}},"11":{"start":{"line":23,"column":40},"end":{"line":23,"column":95}},"12":{"start":{"line":25,"column":8},"end":{"line":25,"column":71}},"13":{"start":{"line":26,"column":23},"end":{"line":26,"column":54}},"14":{"start":{"line":27,"column":8},"end":{"line":27,"column":25}},"15":{"start":{"line":32,"column":22},"end":{"line":32,"column":84}},"16":{"start":{"line":33,"column":8},"end":{"line":33,"column":68}},"17":{"start":{"line":33,"column":38},"end":{"line":33,"column":68}},"18":{"start":{"line":34,"column":24},"end":{"line":34,"column":57}},"19":{"start":{"line":35,"column":8},"end":{"line":35,"column":86}},"20":{"start":{"line":35,"column":37},"end":{"line":35,"column":86}},"21":{"start":{"line":36,"column":8},"end":{"line":36,"column":52}},"22":{"start":{"line":37,"column":23},"end":{"line":37,"column":51}},"23":{"start":{"line":38,"column":8},"end":{"line":38,"column":25}},"24":{"start":{"line":14,"column":13},"end":{"line":14,"column":30}},"25":{"start":{"line":18,"column":10},"end":{"line":28,"column":null}},"26":{"start":{"line":31,"column":10},"end":{"line":39,"column":null}},"27":{"start":{"line":14,"column":13},"end":{"line":40,"column":null}}},"fnMap":{"0":{"name":"(anonymous_5)","decl":{"start":{"line":15,"column":4},"end":{"line":15,"column":33}},"loc":{"start":{"line":15,"column":54},"end":{"line":15,"column":58}}},"1":{"name":"(anonymous_6)","decl":{"start":{"line":18,"column":10},"end":{"line":18,"column":24}},"loc":{"start":{"line":18,"column":78},"end":{"line":28,"column":5}}},"2":{"name":"(anonymous_7)","decl":{"start":{"line":31,"column":10},"end":{"line":31,"column":17}},"loc":{"start":{"line":31,"column":108},"end":{"line":39,"column":5}}}},"branchMap":{"0":{"loc":{"start":{"line":20,"column":8},"end":{"line":20,"column":106}},"type":"if","locations":[{"start":{"line":20,"column":8},"end":{"line":20,"column":106}},{"start":{},"end":{}}]},"1":{"loc":{"start":{"line":20,"column":12},"end":{"line":20,"column":36}},"type":"binary-expr","locations":[{"start":{"line":20,"column":12},"end":{"line":20,"column":18}},{"start":{"line":20,"column":22},"end":{"line":20,"column":36}}]},"2":{"loc":{"start":{"line":23,"column":8},"end":{"line":23,"column":95}},"type":"if","locations":[{"start":{"line":23,"column":8},"end":{"line":23,"column":95}},{"start":{},"end":{}}]},"3":{"loc":{"start":{"line":33,"column":8},"end":{"line":33,"column":68}},"type":"if","locations":[{"start":{"line":33,"column":8},"end":{"line":33,"column":68}},{"start":{},"end":{}}]},"4":{"loc":{"start":{"line":33,"column":12},"end":{"line":33,"column":36}},"type":"binary-expr","locations":[{"start":{"line":33,"column":12},"end":{"line":33,"column":18}},{"start":{"line":33,"column":22},"end":{"line":33,"column":36}}]},"5":{"loc":{"start":{"line":35,"column":8},"end":{"line":35,"column":86}},"type":"if","locations":[{"start":{"line":35,"column":8},"end":{"line":35,"column":86}},{"start":{},"end":{}}]}},"s":{"0":1,"1":1,"2":1,"3":1,"4":1,"5":1,"6":0,"7":0,"8":0,"9":0,"10":0,"11":0,"12":0,"13":0,"14":0,"15":0,"16":0,"17":0,"18":0,"19":0,"20":0,"21":0,"22":0,"23":0,"24":1,"25":1,"26":1,"27":1},"f":{"0":1,"1":0,"2":0},"b":{"0":[0,0],"1":[0,0],"2":[0,0],"3":[0,0],"4":[0,0],"5":[0,0]}}
,"C:\\Users\\alexa\\Desktop\\JS\\realtime-video-platform\\backend\\src\\videos\\videos.controller.ts": {"path":"C:\\Users\\alexa\\Desktop\\JS\\realtime-video-platform\\backend\\src\\videos\\videos.controller.ts","statementMap":{"0":{"start":{"line":1,"column":0},"end":{"line":1,"column":null}},"1":{"start":{"line":10,"column":0},"end":{"line":10,"column":59}},"2":{"start":{"line":11,"column":0},"end":{"line":11,"column":28}},"3":{"start":{"line":12,"column":0},"end":{"line":12,"column":24}},"4":{"start":{"line":14,"column":0},"end":{"line":14,"column":49}},"5":{"start":{"line":15,"column":0},"end":{"line":15,"column":56}},"6":{"start":{"line":18,"column":16},"end":{"line":27,"column":2}},"7":{"start":{"line":20,"column":20},"end":{"line":20,"column":98}},"8":{"start":{"line":21,"column":8},"end":{"line":21,"column":22}},"9":{"start":{"line":24,"column":21},"end":{"line":24,"column":77}},"10":{"start":{"line":25,"column":8},"end":{"line":25,"column":23}},"11":{"start":{"line":29,"column":15},"end":{"line":29,"column":47}},"12":{"start":{"line":33,"column":7},"end":{"line":53,"column":null}},"13":{"start":{"line":34,"column":33},"end":{"line":34,"column":48}},"14":{"start":{"line":39,"column":8},"end":{"line":39,"column":69}},"15":{"start":{"line":39,"column":19},"end":{"line":39,"column":69}},"16":{"start":{"line":40,"column":24},"end":{"line":44,"column":10}},"17":{"start":{"line":45,"column":8},"end":{"line":45,"column":62}},"18":{"start":{"line":46,"column":8},"end":{"line":46,"column":58}},"19":{"start":{"line":51,"column":8},"end":{"line":51,"column":41}},"20":{"start":{"line":33,"column":13},"end":{"line":33,"column":29}},"21":{"start":{"line":38,"column":10},"end":{"line":47,"column":null}},"22":{"start":{"line":50,"column":10},"end":{"line":52,"column":null}},"23":{"start":{"line":33,"column":13},"end":{"line":53,"column":null}}},"fnMap":{"0":{"name":"(anonymous_5)","decl":{"start":{"line":19,"column":17},"end":{"line":19,"column":18}},"loc":{"start":{"line":19,"column":37},"end":{"line":22,"column":5}}},"1":{"name":"(anonymous_6)","decl":{"start":{"line":23,"column":14},"end":{"line":23,"column":15}},"loc":{"start":{"line":23,"column":33},"end":{"line":26,"column":5}}},"2":{"name":"(anonymous_7)","decl":{"start":{"line":34,"column":4},"end":{"line":34,"column":33}},"loc":{"start":{"line":34,"column":61},"end":{"line":34,"column":65}}},"3":{"name":"(anonymous_8)","decl":{"start":{"line":38,"column":10},"end":{"line":38,"column":16}},"loc":{"start":{"line":38,"column":87},"end":{"line":47,"column":5}}},"4":{"name":"(anonymous_9)","decl":{"start":{"line":50,"column":10},"end":{"line":50,"column":14}},"loc":{"start":{"line":50,"column":14},"end":{"line":52,"column":5}}}},"branchMap":{"0":{"loc":{"start":{"line":20,"column":20},"end":{"line":20,"column":98}},"type":"binary-expr","locations":[{"start":{"line":20,"column":20},"end":{"line":20,"column":44}},{"start":{"line":20,"column":48},"end":{"line":20,"column":98}}]},"1":{"loc":{"start":{"line":39,"column":8},"end":{"line":39,"column":69}},"type":"if","locations":[{"start":{"line":39,"column":8},"end":{"line":39,"column":69}},{"start":{},"end":{}}]},"2":{"loc":{"start":{"line":41,"column":19},"end":{"line":41,"column":50}},"type":"binary-expr","locations":[{"start":{"line":41,"column":19},"end":{"line":41,"column":29}},{"start":{"line":41,"column":33},"end":{"line":41,"column":50}}]}},"s":{"0":1,"1":1,"2":1,"3":1,"4":1,"5":1,"6":1,"7":1,"8":1,"9":1,"10":1,"11":1,"12":1,"13":1,"14":1,"15":0,"16":1,"17":1,"18":1,"19":0,"20":1,"21":1,"22":1,"23":1},"f":{"0":1,"1":1,"2":1,"3":1,"4":0},"b":{"0":[1,0],"1":[0,1],"2":[1,1]}}
,"C:\\Users\\alexa\\Desktop\\JS\\realtime-video-platform\\backend\\src\\videos\\videos.module.ts": {"path":"C:\\Users\\alexa\\Desktop\\JS\\realtime-video-platform\\backend\\src\\videos\\videos.module.ts","statementMap":{"0":{"start":{"line":1,"column":0},"end":{"line":1,"column":40}},"1":{"start":{"line":2,"column":0},"end":{"line":2,"column":55}},"2":{"start":{"line":3,"column":0},"end":{"line":3,"column":49}},"3":{"start":{"line":4,"column":0},"end":{"line":4,"column":57}},"4":{"start":{"line":5,"column":0},"end":{"line":5,"column":57}},"5":{"start":{"line":6,"column":0},"end":{"line":6,"column":60}},"6":{"start":{"line":7,"column":0},"end":{"line":7,"column":66}},"7":{"start":{"line":14,"column":7},"end":{"line":14,"column":null}},"8":{"start":{"line":14,"column":13},"end":{"line":14,"column":25}},"9":{"start":{"line":14,"column":13},"end":{"line":14,"column":null}}},"fnMap":{},"branchMap":{},"s":{"0":1,"1":1,"2":1,"3":1,"4":1,"5":1,"6":1,"7":1,"8":1,"9":1},"f":{},"b":{}}
,"C:\\Users\\alexa\\Desktop\\JS\\realtime-video-platform\\backend\\src\\videos\\videos.service.ts": {"path":"C:\\Users\\alexa\\Desktop\\JS\\realtime-video-platform\\backend\\src\\videos\\videos.service.ts","statementMap":{"0":{"start":{"line":1,"column":0},"end":{"line":1,"column":44}},"1":{"start":{"line":2,"column":0},"end":{"line":2,"column":57}},"2":{"start":{"line":3,"column":0},"end":{"line":3,"column":66}},"3":{"start":{"line":7,"column":7},"end":{"line":31,"column":null}},"4":{"start":{"line":8,"column":33},"end":{"line":8,"column":41}},"5":{"start":{"line":8,"column":73},"end":{"line":8,"column":91}},"6":{"start":{"line":11,"column":18},"end":{"line":19,"column":10}},"7":{"start":{"line":20,"column":8},"end":{"line":20,"column":17}},"8":{"start":{"line":24,"column":8},"end":{"line":24,"column":100}},"9":{"start":{"line":25,"column":8},"end":{"line":25,"column":60}},"10":{"start":{"line":29,"column":8},"end":{"line":29,"column":78}},"11":{"start":{"line":7,"column":13},"end":{"line":7,"column":26}},"12":{"start":{"line":7,"column":13},"end":{"line":31,"column":null}}},"fnMap":{"0":{"name":"(anonymous_2)","decl":{"start":{"line":8,"column":4},"end":{"line":8,"column":33}},"loc":{"start":{"line":8,"column":107},"end":{"line":8,"column":111}}},"1":{"name":"(anonymous_3)","decl":{"start":{"line":10,"column":4},"end":{"line":10,"column":9}},"loc":{"start":{"line":10,"column":86},"end":{"line":21,"column":5}}},"2":{"name":"(anonymous_4)","decl":{"start":{"line":23,"column":4},"end":{"line":23,"column":9}},"loc":{"start":{"line":23,"column":42},"end":{"line":26,"column":5}}},"3":{"name":"(anonymous_5)","decl":{"start":{"line":28,"column":4},"end":{"line":28,"column":9}},"loc":{"start":{"line":28,"column":14},"end":{"line":30,"column":5}}}},"branchMap":{},"s":{"0":1,"1":1,"2":1,"3":1,"4":1,"5":1,"6":1,"7":1,"8":1,"9":1,"10":0,"11":1,"12":1},"f":{"0":1,"1":1,"2":1,"3":0},"b":{}}
,"C:\\Users\\alexa\\Desktop\\JS\\realtime-video-platform\\backend\\src\\videos\\dto\\upload-video.dto.ts": {"path":"C:\\Users\\alexa\\Desktop\\JS\\realtime-video-platform\\backend\\src\\videos\\dto\\upload-video.dto.ts","statementMap":{"0":{"start":{"line":1,"column":0},"end":{"line":1,"column":66}},"1":{"start":{"line":3,"column":0},"end":{"line":3,"column":13}},"2":{"start":{"line":7,"column":4},"end":{"line":7,"column":null}},"3":{"start":{"line":12,"column":4},"end":{"line":12,"column":null}}},"fnMap":{},"branchMap":{},"s":{"0":1,"1":1,"2":1,"3":1},"f":{},"b":{}}
}
